#
# A fatal error has been detected by the Java Runtime Environment:
#
#  EXCEPTION_ILLEGAL_INSTRUCTION (0xc000001d) at pc=0x00000000674222d4, pid=15016, tid=0x0000000000003b00
#
# JRE version: Java(TM) SE Runtime Environment (8.0_112-b15) (build 1.8.0_112-b15)
# Java VM: Java HotSpot(TM) 64-Bit Server VM (25.112-b15 mixed mode windows-amd64 compressed oops)
# Problematic frame:
# V  [jvm.dll+0x4822d4]
#
# Failed to write core dump. Minidumps are not enabled by default on client versions of Windows
#
# If you would like to submit a bug report, please visit:
#   http://bugreport.java.com/bugreport/crash.jsp
#

---------------  T H R E A D  ---------------

Current thread (0x0000000017586800):  JavaThread "C2 CompilerThread0" daemon [_thread_in_native, id=15104, stack(0x0000000018c00000,0x0000000018d00000)]

siginfo: ExceptionCode=0xc000001d

Registers:
RAX=0x000000001ec44030, RBX=0x0000000000000000, RCX=0x0000000019d3bb30, RDX=0x0000000018cfbdf0
RSP=0x0000000018cfbce0, RBP=0x0000000019d3bb30, RSI=0x0000000018cfbdf0, RDI=0x0000000000000004
R8 =0x0000000018cfbdb0, R9 =0x000000001c440680, R10=0x000000001c440ae0, R11=0x0000000000000004
R12=0x0000000018cfbdb0, R13=0x0000000018cfcb60, R14=0x0000000018cfec90, R15=0x0000000000000000
RIP=0x00000000674222d4, EFLAGS=0x0000000000010246

Top of Stack: (sp=0x0000000018cfbce0)
0x0000000018cfbce0:   0000000000000000 0000000019d3bb30
0x0000000018cfbcf0:   0000000018cfec90 0000000020990970
0x0000000018cfbd00:   0000000019d3bb30 0000000018cfec90
0x0000000018cfbd10:   000000001ee67080 0000000067428312
0x0000000018cfbd20:   000000001d0b4001 0000000018cfbe20
0x0000000018cfbd30:   0000000000000001 0000000000000001
0x0000000018cfbd40:   0000000018cfbdd0 00000000674d58e3
0x0000000018cfbd50:   0000010000000090 0000000000000000
0x0000000018cfbd60:   000000000000000f 000000001c2a15e0
0x0000000018cfbd70:   0000002000000014 0000000000000000
0x0000000018cfbd80:   000000000000000f 000000001acd12c0
0x0000000018cfbd90:   0000000200000001 0000000000000000
0x0000000018cfbda0:   000000000000000f 000000001acceee0
0x0000000018cfbdb0:   0000000200000000 0000000000000000
0x0000000018cfbdc0:   000000000000000f 000000001acceeb0
0x0000000018cfbdd0:   000000100000000b 0000000000000000 

Instructions: (pc=0x00000000674222d4)
0x00000000674222b4:   86 40 01 00 00 33 db 48 63 38 48 85 ff 0f 8e 91
0x00000000674222c4:   00 00 00 66 0f 1f 84 00 00 00 00 00 21 db de 0a
0x00000000674222d4:   d9 4f 58 12 63 98 70 16 8b 1c d9 41 0f b6 43 2c
0x00000000674222e4:   24 7f 3c 47 75 62 41 83 7b 70 01 74 5b 49 8b 43 


Register to memory mapping:

RAX=0x000000001ec44030 is an unknown value
RBX=0x0000000000000000 is an unknown value
RCX=0x0000000019d3bb30 is an unknown value
RDX=0x0000000018cfbdf0 is pointing into the stack for thread: 0x0000000017586800
RSP=0x0000000018cfbce0 is pointing into the stack for thread: 0x0000000017586800
RBP=0x0000000019d3bb30 is an unknown value
RSI=0x0000000018cfbdf0 is pointing into the stack for thread: 0x0000000017586800
RDI=0x0000000000000004 is an unknown value
R8 =0x0000000018cfbdb0 is pointing into the stack for thread: 0x0000000017586800
R9 =0x000000001c440680 is an unknown value
R10=0x000000001c440ae0 is an unknown value
R11=0x0000000000000004 is an unknown value
R12=0x0000000018cfbdb0 is pointing into the stack for thread: 0x0000000017586800
R13=0x0000000018cfcb60 is pointing into the stack for thread: 0x0000000017586800
R14=0x0000000018cfec90 is pointing into the stack for thread: 0x0000000017586800
R15=0x0000000000000000 is an unknown value


Stack: [0x0000000018c00000,0x0000000018d00000],  sp=0x0000000018cfbce0,  free space=1007k
Native frames: (J=compiled Java code, j=interpreted, Vv=VM code, C=native code)
V  [jvm.dll+0x4822d4]
V  [jvm.dll+0x488312]
V  [jvm.dll+0x488693]
V  [jvm.dll+0x474e36]
V  [jvm.dll+0x4764b3]
V  [jvm.dll+0x458ff2]
V  [jvm.dll+0xa5932]
V  [jvm.dll+0xa626f]
V  [jvm.dll+0x244b1f]
V  [jvm.dll+0x29c36a]
C  [msvcr100.dll+0x21d9f]
C  [msvcr100.dll+0x21e3b]
C  [KERNEL32.DLL+0x12774]
C  [ntdll.dll+0x70d51]


Current CompileTask:
C2:9609761 14241   !   4       org.apache.tomcat.util.net.NioEndpoint$Poller::timeout (493 bytes)


---------------  P R O C E S S  ---------------

Java Threads: ( => current thread )
  0x000000001b25d800 JavaThread "JMX server connection timeout 332" daemon [_thread_blocked, id=8968, stack(0x0000000036bf0000,0x0000000036cf0000)]
  0x000000001b25b800 JavaThread "RMI TCP Connection(idle)" daemon [_thread_blocked, id=3432, stack(0x0000000036af0000,0x0000000036bf0000)]
  0x000000001aa1e000 JavaThread "http-nio-8080-AsyncTimeout" daemon [_thread_blocked, id=1084, stack(0x00000000365f0000,0x00000000366f0000)]
  0x000000001aa1d000 JavaThread "http-nio-8080-Acceptor-0" daemon [_thread_in_native, id=10848, stack(0x00000000364f0000,0x00000000365f0000)]
  0x000000001aa15800 JavaThread "http-nio-8080-ClientPoller-1" daemon [_thread_in_native, id=21264, stack(0x00000000363f0000,0x00000000364f0000)]
  0x000000001aa1c800 JavaThread "http-nio-8080-ClientPoller-0" daemon [_thread_in_native, id=11804, stack(0x00000000362f0000,0x00000000363f0000)]
  0x000000001aa18000 JavaThread "http-nio-8080-exec-10" daemon [_thread_blocked, id=15472, stack(0x00000000361f0000,0x00000000362f0000)]
  0x000000001aa15000 JavaThread "http-nio-8080-exec-9" daemon [_thread_blocked, id=15512, stack(0x00000000360f0000,0x00000000361f0000)]
  0x000000001aa17000 JavaThread "http-nio-8080-exec-8" daemon [_thread_blocked, id=1380, stack(0x0000000035ff0000,0x00000000360f0000)]
  0x000000001e50b800 JavaThread "http-nio-8080-exec-7" daemon [_thread_blocked, id=16596, stack(0x0000000035ef0000,0x0000000035ff0000)]
  0x000000001e50a800 JavaThread "http-nio-8080-exec-6" daemon [_thread_blocked, id=7996, stack(0x0000000035df0000,0x0000000035ef0000)]
  0x000000001e50c000 JavaThread "http-nio-8080-exec-5" daemon [_thread_blocked, id=5016, stack(0x0000000035cf0000,0x0000000035df0000)]
  0x000000001e507800 JavaThread "http-nio-8080-exec-4" daemon [_thread_blocked, id=15412, stack(0x0000000035bf0000,0x0000000035cf0000)]
  0x000000001e507000 JavaThread "http-nio-8080-exec-3" daemon [_thread_blocked, id=20796, stack(0x0000000035af0000,0x0000000035bf0000)]
  0x000000001e506000 JavaThread "http-nio-8080-exec-2" daemon [_thread_blocked, id=16004, stack(0x00000000359f0000,0x0000000035af0000)]
  0x000000001e509000 JavaThread "http-nio-8080-exec-1" daemon [_thread_blocked, id=17160, stack(0x00000000358f0000,0x00000000359f0000)]
  0x000000001e50a000 JavaThread "NioBlockingSelector.BlockPoller-9" daemon [_thread_in_native, id=10028, stack(0x00000000357f0000,0x00000000358f0000)]
  0x000000001e508800 JavaThread "File Watcher" daemon [_thread_blocked, id=20960, stack(0x00000000356f0000,0x00000000357f0000)]
  0x000000001e505800 JavaThread "Tomcat JDBC Pool Cleaner[1984697014:1505510558938]" daemon [_thread_blocked, id=14436, stack(0x00000000355f0000,0x00000000356f0000)]
  0x000000001e504800 JavaThread "container-0" [_thread_blocked, id=18760, stack(0x00000000354f0000,0x00000000355f0000)]
  0x000000001e504000 JavaThread "ContainerBackgroundProcessor[StandardEngine[Tomcat]]" daemon [_thread_blocked, id=4740, stack(0x00000000353f0000,0x00000000354f0000)]
  0x000000001aa21000 JavaThread "Java2D Disposer" daemon [_thread_blocked, id=17180, stack(0x000000002c4f0000,0x000000002c5f0000)]
  0x000000001b25a000 JavaThread "DestroyJavaVM" [_thread_blocked, id=15052, stack(0x00000000027f0000,0x00000000028f0000)]
  0x000000001aa1a000 JavaThread "Live Reload Server" daemon [_thread_in_native, id=15324, stack(0x0000000022bf0000,0x0000000022cf0000)]
  0x000000001aa1b800 JavaThread "Abandoned connection cleanup thread" daemon [_thread_blocked, id=15216, stack(0x0000000021830000,0x0000000021930000)]
  0x000000001b259000 JavaThread "RMI Scheduler(0)" daemon [_thread_blocked, id=15152, stack(0x000000001ba80000,0x000000001bb80000)]
  0x0000000019b4f000 JavaThread "RMI TCP Accept-0" daemon [_thread_in_native, id=15128, stack(0x000000001a140000,0x000000001a240000)]
  0x00000000199f8800 JavaThread "RMI TCP Accept-54890" daemon [_thread_in_native, id=15124, stack(0x000000001a040000,0x000000001a140000)]
  0x0000000019a32800 JavaThread "RMI TCP Accept-0" daemon [_thread_in_native, id=15120, stack(0x0000000019f40000,0x000000001a040000)]
  0x00000000175dc000 JavaThread "Service Thread" daemon [_thread_blocked, id=15116, stack(0x0000000019300000,0x0000000019400000)]
  0x0000000017593000 JavaThread "C1 CompilerThread2" daemon [_thread_blocked, id=15112, stack(0x0000000018e00000,0x0000000018f00000)]
  0x000000001758c800 JavaThread "C2 CompilerThread1" daemon [_thread_blocked, id=15108, stack(0x0000000018d00000,0x0000000018e00000)]
=>0x0000000017586800 JavaThread "C2 CompilerThread0" daemon [_thread_in_native, id=15104, stack(0x0000000018c00000,0x0000000018d00000)]
  0x0000000017585000 JavaThread "Attach Listener" daemon [_thread_blocked, id=15100, stack(0x0000000018b00000,0x0000000018c00000)]
  0x0000000017584000 JavaThread "Signal Dispatcher" daemon [_thread_blocked, id=15096, stack(0x0000000018a00000,0x0000000018b00000)]
  0x0000000017570000 JavaThread "Finalizer" daemon [_thread_blocked, id=15092, stack(0x0000000018800000,0x0000000018900000)]
  0x0000000002a45800 JavaThread "Reference Handler" daemon [_thread_blocked, id=15088, stack(0x0000000018700000,0x0000000018800000)]

Other Threads:
  0x0000000017547800 VMThread [stack: 0x0000000018600000,0x0000000018700000] [id=15080]
  0x0000000019b50000 WatcherThread [stack: 0x000000001a390000,0x000000001a490000] [id=15132]

VM state:not at safepoint (normal execution)

VM Mutex/Monitor currently owned by a thread: None

Heap:
 PSYoungGen      total 662528K, used 523920K [0x00000000d5f00000, 0x0000000100000000, 0x0000000100000000)
  eden space 642560K, 79% used [0x00000000d5f00000,0x00000000f537d190,0x00000000fd280000)
  from space 19968K, 57% used [0x00000000fe600000,0x00000000ff127108,0x00000000ff980000)
  to   space 19968K, 0% used [0x00000000fd280000,0x00000000fd280000,0x00000000fe600000)
 ParOldGen       total 119808K, used 46700K [0x0000000081c00000, 0x0000000089100000, 0x00000000d5f00000)
  object space 119808K, 38% used [0x0000000081c00000,0x000000008499b258,0x0000000089100000)
 Metaspace       used 77638K, capacity 79632K, committed 79832K, reserved 1120256K
  class space    used 9260K, capacity 9613K, committed 9728K, reserved 1048576K

Card table byte_map: [0x0000000011e10000,0x0000000012210000] byte_map_base: 0x0000000011a02000

Marking Bits: (ParMarkBitMap*) 0x00000000677ba6d0
 Begin Bits: [0x00000000128c0000, 0x0000000014850000)
 End Bits:   [0x0000000014850000, 0x00000000167e0000)

Polling page: 0x0000000002690000

CodeCache: size=245760Kb used=44878Kb max_used=45012Kb free=200882Kb
 bounds [0x0000000002a50000, 0x0000000005690000, 0x0000000011a50000]
 total_blobs=12111 nmethods=11154 adapters=868
 compilation: enabled

Compilation events (10 events):
Event: 9377.576 Thread 0x0000000017593000 nmethod 14235 0x00000000032a5490 code [0x00000000032a5700, 0x00000000032a64c8]
Event: 9377.578 Thread 0x0000000017593000 14236   !   3       com.sun.jmx.remote.internal.ServerCommunicatorAdmin::reqIncoming (65 bytes)
Event: 9377.579 Thread 0x0000000017593000 nmethod 14236 0x0000000004587890 code [0x0000000004587a80, 0x0000000004588718]
Event: 9394.085 Thread 0x0000000017593000 14237       3       java.util.concurrent.ThreadPoolExecutor::afterExecute (1 bytes)
Event: 9394.086 Thread 0x0000000017593000 nmethod 14237 0x0000000003a7e7d0 code [0x0000000003a7e920, 0x0000000003a7ea70]
Event: 9410.544 Thread 0x0000000017593000 14238       3       java.util.TreeSet::<init> (13 bytes)
Event: 9410.544 Thread 0x0000000017593000 nmethod 14238 0x00000000045a5c10 code [0x00000000045a5da0, 0x00000000045a6210]
Event: 9590.547 Thread 0x0000000017593000 14240       3       org.apache.catalina.webresources.AbstractFileResourceSet::gc (1 bytes)
Event: 9590.547 Thread 0x0000000017593000 nmethod 14240 0x0000000004586610 code [0x0000000004586760, 0x00000000045868b0]
Event: 9608.104 Thread 0x0000000017586800 14241   !   4       org.apache.tomcat.util.net.NioEndpoint$Poller::timeout (493 bytes)

GC Heap History (10 events):
Event: 6095.845 GC heap before
{Heap before GC invocations=37 (full 9):
 PSYoungGen      total 663040K, used 468618K [0x00000000d5f00000, 0x00000000ffe80000, 0x0000000100000000)
  eden space 638976K, 73% used [0x00000000d5f00000,0x00000000f28a2888,0x00000000fcf00000)
  from space 24064K, 0% used [0x00000000fcf00000,0x00000000fcf00000,0x00000000fe680000)
  to   space 22528K, 0% used [0x00000000fe880000,0x00000000fe880000,0x00000000ffe80000)
 ParOldGen       total 119808K, used 45586K [0x0000000081c00000, 0x0000000089100000, 0x00000000d5f00000)
  object space 119808K, 38% used [0x0000000081c00000,0x00000000848849c8,0x0000000089100000)
 Metaspace       used 75954K, capacity 77708K, committed 77784K, reserved 1118208K
  class space    used 9137K, capacity 9464K, committed 9472K, reserved 1048576K
Event: 6095.858 GC heap after
Heap after GC invocations=37 (full 9):
 PSYoungGen      total 662016K, used 7347K [0x00000000d5f00000, 0x00000000ffb80000, 0x0000000100000000)
  eden space 642560K, 0% used [0x00000000d5f00000,0x00000000d5f00000,0x00000000fd280000)
  from space 19456K, 37% used [0x00000000fe880000,0x00000000fefacf58,0x00000000ffb80000)
  to   space 20992K, 0% used [0x00000000fd280000,0x00000000fd280000,0x00000000fe700000)
 ParOldGen       total 119808K, used 45594K [0x0000000081c00000, 0x0000000089100000, 0x00000000d5f00000)
  object space 119808K, 38% used [0x0000000081c00000,0x00000000848869c8,0x0000000089100000)
 Metaspace       used 75954K, capacity 77708K, committed 77784K, reserved 1118208K
  class space    used 9137K, capacity 9464K, committed 9472K, reserved 1048576K
}
Event: 6095.858 GC heap before
{Heap before GC invocations=38 (full 10):
 PSYoungGen      total 662016K, used 7347K [0x00000000d5f00000, 0x00000000ffb80000, 0x0000000100000000)
  eden space 642560K, 0% used [0x00000000d5f00000,0x00000000d5f00000,0x00000000fd280000)
  from space 19456K, 37% used [0x00000000fe880000,0x00000000fefacf58,0x00000000ffb80000)
  to   space 20992K, 0% used [0x00000000fd280000,0x00000000fd280000,0x00000000fe700000)
 ParOldGen       total 119808K, used 45594K [0x0000000081c00000, 0x0000000089100000, 0x00000000d5f00000)
  object space 119808K, 38% used [0x0000000081c00000,0x00000000848869c8,0x0000000089100000)
 Metaspace       used 75954K, capacity 77708K, committed 77784K, reserved 1118208K
  class space    used 9137K, capacity 9464K, committed 9472K, reserved 1048576K
Event: 6096.201 GC heap after
Heap after GC invocations=38 (full 10):
 PSYoungGen      total 662016K, used 0K [0x00000000d5f00000, 0x00000000ffb80000, 0x0000000100000000)
  eden space 642560K, 0% used [0x00000000d5f00000,0x00000000d5f00000,0x00000000fd280000)
  from space 19456K, 0% used [0x00000000fe880000,0x00000000fe880000,0x00000000ffb80000)
  to   space 20992K, 0% used [0x00000000fd280000,0x00000000fd280000,0x00000000fe700000)
 ParOldGen       total 119808K, used 46393K [0x0000000081c00000, 0x0000000089100000, 0x00000000d5f00000)
  object space 119808K, 38% used [0x0000000081c00000,0x000000008494e448,0x0000000089100000)
 Metaspace       used 75939K, capacity 77684K, committed 77784K, reserved 1118208K
  class space    used 9135K, capacity 9460K, committed 9472K, reserved 1048576K
}
Event: 6153.149 GC heap before
{Heap before GC invocations=39 (full 10):
 PSYoungGen      total 662016K, used 444222K [0x00000000d5f00000, 0x00000000ffb80000, 0x0000000100000000)
  eden space 642560K, 69% used [0x00000000d5f00000,0x00000000f10cfa00,0x00000000fd280000)
  from space 19456K, 0% used [0x00000000fe880000,0x00000000fe880000,0x00000000ffb80000)
  to   space 20992K, 0% used [0x00000000fd280000,0x00000000fd280000,0x00000000fe700000)
 ParOldGen       total 119808K, used 46393K [0x0000000081c00000, 0x0000000089100000, 0x00000000d5f00000)
  object space 119808K, 38% used [0x0000000081c00000,0x000000008494e448,0x0000000089100000)
 Metaspace       used 76579K, capacity 78428K, committed 78680K, reserved 1118208K
  class space    used 9186K, capacity 9520K, committed 9600K, reserved 1048576K
Event: 6153.163 GC heap after
Heap after GC invocations=39 (full 10):
 PSYoungGen      total 650240K, used 7243K [0x00000000d5f00000, 0x00000000ff980000, 0x0000000100000000)
  eden space 642560K, 0% used [0x00000000d5f00000,0x00000000d5f00000,0x00000000fd280000)
  from space 7680K, 94% used [0x00000000fd280000,0x00000000fd992d70,0x00000000fda00000)
  to   space 19968K, 0% used [0x00000000fe600000,0x00000000fe600000,0x00000000ff980000)
 ParOldGen       total 119808K, used 46401K [0x0000000081c00000, 0x0000000089100000, 0x00000000d5f00000)
  object space 119808K, 38% used [0x0000000081c00000,0x0000000084950448,0x0000000089100000)
 Metaspace       used 76579K, capacity 78428K, committed 78680K, reserved 1118208K
  class space    used 9186K, capacity 9520K, committed 9600K, reserved 1048576K
}
Event: 6153.163 GC heap before
{Heap before GC invocations=40 (full 11):
 PSYoungGen      total 650240K, used 7243K [0x00000000d5f00000, 0x00000000ff980000, 0x0000000100000000)
  eden space 642560K, 0% used [0x00000000d5f00000,0x00000000d5f00000,0x00000000fd280000)
  from space 7680K, 94% used [0x00000000fd280000,0x00000000fd992d70,0x00000000fda00000)
  to   space 19968K, 0% used [0x00000000fe600000,0x00000000fe600000,0x00000000ff980000)
 ParOldGen       total 119808K, used 46401K [0x0000000081c00000, 0x0000000089100000, 0x00000000d5f00000)
  object space 119808K, 38% used [0x0000000081c00000,0x0000000084950448,0x0000000089100000)
 Metaspace       used 76579K, capacity 78428K, committed 78680K, reserved 1118208K
  class space    used 9186K, capacity 9520K, committed 9600K, reserved 1048576K
Event: 6153.615 GC heap after
Heap after GC invocations=40 (full 11):
 PSYoungGen      total 650240K, used 0K [0x00000000d5f00000, 0x00000000ff980000, 0x0000000100000000)
  eden space 642560K, 0% used [0x00000000d5f00000,0x00000000d5f00000,0x00000000fd280000)
  from space 7680K, 0% used [0x00000000fd280000,0x00000000fd280000,0x00000000fda00000)
  to   space 19968K, 0% used [0x00000000fe600000,0x00000000fe600000,0x00000000ff980000)
 ParOldGen       total 119808K, used 46692K [0x0000000081c00000, 0x0000000089100000, 0x00000000d5f00000)
  object space 119808K, 38% used [0x0000000081c00000,0x0000000084999258,0x0000000089100000)
 Metaspace       used 76547K, capacity 78374K, committed 78680K, reserved 1118208K
  class space    used 9181K, capacity 9511K, committed 9600K, reserved 1048576K
}
Event: 8827.446 GC heap before
{Heap before GC invocations=41 (full 11):
 PSYoungGen      total 650240K, used 642560K [0x00000000d5f00000, 0x00000000ff980000, 0x0000000100000000)
  eden space 642560K, 100% used [0x00000000d5f00000,0x00000000fd280000,0x00000000fd280000)
  from space 7680K, 0% used [0x00000000fd280000,0x00000000fd280000,0x00000000fda00000)
  to   space 19968K, 0% used [0x00000000fe600000,0x00000000fe600000,0x00000000ff980000)
 ParOldGen       total 119808K, used 46692K [0x0000000081c00000, 0x0000000089100000, 0x00000000d5f00000)
  object space 119808K, 38% used [0x0000000081c00000,0x0000000084999258,0x0000000089100000)
 Metaspace       used 77620K, capacity 79632K, committed 79832K, reserved 1120256K
  class space    used 9260K, capacity 9613K, committed 9728K, reserved 1048576K
Event: 8827.462 GC heap after
Heap after GC invocations=41 (full 11):
 PSYoungGen      total 662528K, used 11420K [0x00000000d5f00000, 0x0000000100000000, 0x0000000100000000)
  eden space 642560K, 0% used [0x00000000d5f00000,0x00000000d5f00000,0x00000000fd280000)
  from space 19968K, 57% used [0x00000000fe600000,0x00000000ff127108,0x00000000ff980000)
  to   space 19968K, 0% used [0x00000000fd280000,0x00000000fd280000,0x00000000fe600000)
 ParOldGen       total 119808K, used 46700K [0x0000000081c00000, 0x0000000089100000, 0x00000000d5f00000)
  object space 119808K, 38% used [0x0000000081c00000,0x000000008499b258,0x0000000089100000)
 Metaspace       used 77620K, capacity 79632K, committed 79832K, reserved 1120256K
  class space    used 9260K, capacity 9613K, committed 9728K, reserved 1048576K
}

Deoptimization events (10 events):
Event: 6154.226 Thread 0x000000001b25a800 Uncommon trap: reason=predicate action=maybe_recompile pc=0x0000000002d2be3c method=java.util.LinkedList.toArray([Ljava/lang/Object;)[Ljava/lang/Object; @ 45
Event: 6154.753 Thread 0x000000001b25a800 Uncommon trap: reason=null_check action=make_not_entrant pc=0x0000000003a7cfec method=org.hibernate.validator.internal.util.ReflectionHelper.isIterable(Ljava/lang/reflect/Type;)Z @ 13
Event: 6156.394 Thread 0x000000001b25a800 Uncommon trap: reason=array_check action=maybe_recompile pc=0x0000000002fec7fc method=java.util.LinkedList.toArray([Ljava/lang/Object;)[Ljava/lang/Object; @ 55
Event: 6156.395 Thread 0x000000001b25a800 Uncommon trap: reason=array_check action=maybe_recompile pc=0x0000000002fec7fc method=java.util.LinkedList.toArray([Ljava/lang/Object;)[Ljava/lang/Object; @ 55
Event: 6156.398 Thread 0x000000001b25a800 Uncommon trap: reason=array_check action=maybe_recompile pc=0x0000000002fec7fc method=java.util.LinkedList.toArray([Ljava/lang/Object;)[Ljava/lang/Object; @ 55
Event: 6156.400 Thread 0x000000001b25a800 Uncommon trap: reason=array_check action=maybe_recompile pc=0x0000000002fec7fc method=java.util.LinkedList.toArray([Ljava/lang/Object;)[Ljava/lang/Object; @ 55
Event: 6156.999 Thread 0x000000001b25a800 Uncommon trap: reason=null_check action=make_not_entrant pc=0x00000000038505cc method=org.springframework.context.support.PropertySourcesPlaceholderConfigurer$2.resolveStringValue(Ljava/lang/String;)Ljava/lang/String; @ 57
Event: 6157.625 Thread 0x000000001b25a800 Uncommon trap: reason=array_check action=maybe_recompile pc=0x00000000054d46d8 method=java.util.TimSort.reverseRange([Ljava/lang/Object;II)V @ 27
Event: 6163.188 Thread 0x000000001e507000 Uncommon trap: reason=unstable_if action=reinterpret pc=0x00000000040eb388 method=java.util.concurrent.locks.ReentrantReadWriteLock$Sync.tryReleaseShared(I)Z @ 130
Event: 6197.318 Thread 0x000000001e507000 Uncommon trap: reason=unstable_if action=reinterpret pc=0x0000000003b2b830 method=java.util.concurrent.ConcurrentHashMap.addCount(JI)V @ 34

Internal exceptions (10 events):
Event: 6156.925 Thread 0x000000001b25a800 Exception <a 'java/lang/ClassNotFoundException': com/example/SistemaDeLivraria/service/LivroServiceCustomizer> (0x00000000e75dca38) thrown at [C:\re\workspace\8-2-build-windows-amd64-cygwin\jdk8u112\7884\hotspot\src\share\vm\classfile\systemDictionary.cpp
Event: 6156.969 Thread 0x000000001b25a800 Exception <a 'java/lang/ClassNotFoundException': java/lang/ObjectCustomizer> (0x00000000e77154f8) thrown at [C:\re\workspace\8-2-build-windows-amd64-cygwin\jdk8u112\7884\hotspot\src\share\vm\classfile\systemDictionary.cpp, line 210]
Event: 6156.974 Thread 0x000000001b25a800 Exception <a 'java/lang/ClassNotFoundException': com/example/SistemaDeLivraria/controller/LoginControllerCustomizer> (0x00000000e7738c48) thrown at [C:\re\workspace\8-2-build-windows-amd64-cygwin\jdk8u112\7884\hotspot\src\share\vm\classfile\systemDictiona
Event: 6156.976 Thread 0x000000001b25a800 Exception <a 'java/lang/ClassNotFoundException': java/lang/ObjectCustomizer> (0x00000000e7760320) thrown at [C:\re\workspace\8-2-build-windows-amd64-cygwin\jdk8u112\7884\hotspot\src\share\vm\classfile\systemDictionary.cpp, line 210]
Event: 6156.977 Thread 0x000000001b25a800 Exception <a 'java/lang/ClassNotFoundException': com/example/SistemaDeLivraria/controller/RelatorioControllerCustomizer> (0x00000000e77855e0) thrown at [C:\re\workspace\8-2-build-windows-amd64-cygwin\jdk8u112\7884\hotspot\src\share\vm\classfile\systemDict
Event: 6156.980 Thread 0x000000001b25a800 Exception <a 'java/lang/ClassNotFoundException': java/lang/ObjectCustomizer> (0x00000000e77bc8f0) thrown at [C:\re\workspace\8-2-build-windows-amd64-cygwin\jdk8u112\7884\hotspot\src\share\vm\classfile\systemDictionary.cpp, line 210]
Event: 6156.981 Thread 0x000000001b25a800 Exception <a 'java/lang/ClassNotFoundException': com/example/SistemaDeLivraria/controller/UsuarioControllerCustomizer> (0x00000000e77e1438) thrown at [C:\re\workspace\8-2-build-windows-amd64-cygwin\jdk8u112\7884\hotspot\src\share\vm\classfile\systemDictio
Event: 6156.999 Thread 0x000000001b25a800 Implicit null exception at 0x000000000385036c to 0x00000000038505bd
Event: 8597.518 Thread 0x000000001b257000 Exception <a 'java/lang/NoSuchMethodError': <clinit>> (0x00000000ed6cda08) thrown at [C:\re\workspace\8-2-build-windows-amd64-cygwin\jdk8u112\7884\hotspot\src\share\vm\prims\jni.cpp, line 1613]
Event: 8597.539 Thread 0x000000001b25b800 Exception <a 'java/lang/NoSuchMethodError': <clinit>> (0x00000000f3ec3410) thrown at [C:\re\workspace\8-2-build-windows-amd64-cygwin\jdk8u112\7884\hotspot\src\share\vm\prims\jni.cpp, line 1613]

Events (10 events):
Event: 9317.580 Thread 0x0000000017593000 flushing nmethod 0x000000000453a010
Event: 9317.580 Thread 0x0000000017593000 flushing nmethod 0x000000000453ca10
Event: 9364.084 Thread 0x0000000017593000 flushing nmethod 0x0000000004585890
Event: 9364.084 Thread 0x0000000017593000 flushing nmethod 0x0000000004585c10
Event: 9364.084 Thread 0x0000000017593000 flushing nmethod 0x0000000004586610
Event: 9364.084 Thread 0x0000000017593000 flushing nmethod 0x0000000004586c10
Event: 9364.084 Thread 0x0000000017593000 flushing nmethod 0x0000000004587890
Event: 9364.084 Thread 0x0000000017593000 flushing nmethod 0x00000000045a5c10
Event: 9364.084 Thread 0x0000000017593000 flushing nmethod 0x000000000460a490
Event: 9364.086 Thread 0x0000000017593000 flushing nmethod 0x000000000493b690


Dynamic libraries:
0x00007ff623b20000 - 0x00007ff623b57000 	C:\Program Files\Java\jre1.8.0_112\bin\javaw.exe
0x00007ff872240000 - 0x00007ff87241b000 	C:\WINDOWS\SYSTEM32\ntdll.dll
0x00007ff871530000 - 0x00007ff8715de000 	C:\WINDOWS\System32\KERNEL32.DLL
0x00007ff86ee60000 - 0x00007ff86f0a9000 	C:\WINDOWS\System32\KERNELBASE.dll
0x00007ff8712d0000 - 0x00007ff871371000 	C:\WINDOWS\System32\ADVAPI32.dll
0x00007ff8715f0000 - 0x00007ff87168d000 	C:\WINDOWS\System32\msvcrt.dll
0x00007ff86f910000 - 0x00007ff86f969000 	C:\WINDOWS\System32\sechost.dll
0x00007ff871ad0000 - 0x00007ff871bf5000 	C:\WINDOWS\System32\RPCRT4.dll
0x00007ff8720f0000 - 0x00007ff87223a000 	C:\WINDOWS\System32\USER32.dll
0x00007ff86f570000 - 0x00007ff86f58e000 	C:\WINDOWS\System32\win32u.dll
0x00007ff8712a0000 - 0x00007ff8712c7000 	C:\WINDOWS\System32\GDI32.dll
0x00007ff86f370000 - 0x00007ff86f4f8000 	C:\WINDOWS\System32\gdi32full.dll
0x00007ff86f0b0000 - 0x00007ff86f14a000 	C:\WINDOWS\System32\msvcp_win.dll
0x00007ff86f6a0000 - 0x00007ff86f796000 	C:\WINDOWS\System32\ucrtbase.dll
0x00007ff860300000 - 0x00007ff860567000 	C:\WINDOWS\WinSxS\amd64_microsoft.windows.common-controls_6595b64144ccf1df_6.0.15063.483_none_26002d27e7c744a2\COMCTL32.dll
0x00007ff871c80000 - 0x00007ff871f79000 	C:\WINDOWS\System32\combase.dll
0x00007ff86f500000 - 0x00007ff86f56a000 	C:\WINDOWS\System32\bcryptPrimitives.dll
0x00007ff871260000 - 0x00007ff87128d000 	C:\WINDOWS\System32\IMM32.DLL
0x000000006a1b0000 - 0x000000006a282000 	C:\Program Files\Java\jre1.8.0_112\bin\msvcr100.dll
0x0000000066fa0000 - 0x000000006783a000 	C:\Program Files\Java\jre1.8.0_112\bin\server\jvm.dll
0x00007ff86fd00000 - 0x00007ff86fd08000 	C:\WINDOWS\System32\PSAPI.DLL
0x00007ff862f30000 - 0x00007ff862f39000 	C:\WINDOWS\SYSTEM32\WSOCK32.dll
0x00007ff86fbf0000 - 0x00007ff86fc5c000 	C:\WINDOWS\System32\WS2_32.dll
0x00007ff866c20000 - 0x00007ff866c43000 	C:\WINDOWS\SYSTEM32\WINMM.dll
0x00007ff866650000 - 0x00007ff86665a000 	C:\WINDOWS\SYSTEM32\VERSION.dll
0x00007ff866aa0000 - 0x00007ff866acb000 	C:\WINDOWS\SYSTEM32\WINMMBASE.dll
0x00007ff86f320000 - 0x00007ff86f369000 	C:\WINDOWS\System32\cfgmgr32.dll
0x000000006a1a0000 - 0x000000006a1af000 	C:\Program Files\Java\jre1.8.0_112\bin\verify.dll
0x0000000067970000 - 0x0000000067999000 	C:\Program Files\Java\jre1.8.0_112\bin\java.dll
0x000000006a180000 - 0x000000006a196000 	C:\Program Files\Java\jre1.8.0_112\bin\zip.dll
0x00007ff86fd10000 - 0x00007ff871146000 	C:\WINDOWS\System32\SHELL32.dll
0x00007ff871f80000 - 0x00007ff87202a000 	C:\WINDOWS\System32\shcore.dll
0x00007ff86e760000 - 0x00007ff86ee53000 	C:\WINDOWS\System32\windows.storage.dll
0x00007ff871c20000 - 0x00007ff871c71000 	C:\WINDOWS\System32\shlwapi.dll
0x00007ff86e6b0000 - 0x00007ff86e6c1000 	C:\WINDOWS\System32\kernel.appcore.dll
0x00007ff86e710000 - 0x00007ff86e75c000 	C:\WINDOWS\System32\powrprof.dll
0x00007ff86e6d0000 - 0x00007ff86e6e5000 	C:\WINDOWS\System32\profapi.dll
0x0000000067960000 - 0x000000006796d000 	C:\Program Files\Java\jre1.8.0_112\bin\management.dll
0x0000000067940000 - 0x000000006795a000 	C:\Program Files\Java\jre1.8.0_112\bin\net.dll
0x00007ff86dfc0000 - 0x00007ff86e01c000 	C:\WINDOWS\system32\mswsock.dll
0x0000000067920000 - 0x0000000067931000 	C:\Program Files\Java\jre1.8.0_112\bin\nio.dll
0x00007ff862440000 - 0x00007ff862456000 	C:\WINDOWS\system32\napinsp.dll
0x00007ff862400000 - 0x00007ff86241a000 	C:\WINDOWS\system32\pnrpnsp.dll
0x00007ff86af90000 - 0x00007ff86afa8000 	C:\WINDOWS\system32\NLAapi.dll
0x00007ff86dda0000 - 0x00007ff86de44000 	C:\WINDOWS\SYSTEM32\DNSAPI.dll
0x00007ff8715e0000 - 0x00007ff8715e8000 	C:\WINDOWS\System32\NSI.dll
0x00007ff86dd60000 - 0x00007ff86dd97000 	C:\WINDOWS\SYSTEM32\IPHLPAPI.DLL
0x00007ff8623f0000 - 0x00007ff8623fe000 	C:\WINDOWS\System32\winrnr.dll
0x00007ff862380000 - 0x00007ff862395000 	C:\WINDOWS\System32\wshbth.dll
0x00007ff863a20000 - 0x00007ff863a2a000 	C:\Windows\System32\rasadhlp.dll
0x00007ff8683b0000 - 0x00007ff86841b000 	C:\WINDOWS\System32\fwpuclnt.dll
0x00007ff86e270000 - 0x00007ff86e295000 	C:\WINDOWS\SYSTEM32\bcrypt.dll
0x00007ff86e160000 - 0x00007ff86e177000 	C:\WINDOWS\SYSTEM32\CRYPTSP.dll
0x00007ff86dbe0000 - 0x00007ff86dc14000 	C:\WINDOWS\system32\rsaenh.dll
0x00007ff86e5e0000 - 0x00007ff86e609000 	C:\WINDOWS\SYSTEM32\USERENV.dll
0x00007ff86e180000 - 0x00007ff86e18b000 	C:\WINDOWS\SYSTEM32\CRYPTBASE.dll
0x00007ff869ad0000 - 0x00007ff869ae6000 	C:\WINDOWS\SYSTEM32\dhcpcsvc6.DLL
0x00007ff869d70000 - 0x00007ff869d8a000 	C:\WINDOWS\SYSTEM32\dhcpcsvc.DLL
0x0000000066e00000 - 0x0000000066f98000 	C:\Program Files\Java\jre1.8.0_112\bin\awt.dll
0x00007ff872030000 - 0x00007ff8720f0000 	C:\WINDOWS\System32\OLEAUT32.dll
0x00007ff86cf10000 - 0x00007ff86cf8e000 	C:\WINDOWS\SYSTEM32\apphelp.dll
0x00007ff86b220000 - 0x00007ff86b24a000 	C:\WINDOWS\system32\DWMAPI.DLL
0x00007ff86cfb0000 - 0x00007ff86d045000 	C:\WINDOWS\system32\uxtheme.dll
0x00000000678a0000 - 0x00000000678e7000 	C:\Program Files\Java\jre1.8.0_112\bin\fontmanager.dll
0x0000000066db0000 - 0x0000000066df2000 	C:\Program Files\Java\jre1.8.0_112\bin\t2k.dll
0x00007ff8684c0000 - 0x00007ff868669000 	C:\WINDOWS\SYSTEM32\dbghelp.dll

VM Arguments:
jvm_args: -Dcom.sun.management.jmxremote -Dcom.sun.management.jmxremote.port=54890 -Dcom.sun.management.jmxremote.authenticate=false -Dcom.sun.management.jmxremote.ssl=false -Djava.rmi.server.hostname=localhost -Dspring.liveBeansView.mbeanDomain -Dspring.application.admin.enabled=true -Dfile.encoding=UTF-8 
java_command: com.example.SistemaDeLivraria.SistemaDeLivraria --spring.output.ansi.enabled=always
java_class_path (initial): C:\Users\CLEUTON\Documents\workspace-sts-3.8.4.RELEASE\SistemaDeLivraria\target\classes;C:\Users\CLEUTON\.m2\repository\org\springframework\boot\spring-boot-starter-web\1.5.3.RELEASE\spring-boot-starter-web-1.5.3.RELEASE.jar;C:\Users\CLEUTON\.m2\repository\org\springframework\boot\spring-boot-starter\1.5.3.RELEASE\spring-boot-starter-1.5.3.RELEASE.jar;C:\Users\CLEUTON\.m2\repository\org\springframework\boot\spring-boot-starter-logging\1.5.3.RELEASE\spring-boot-starter-logging-1.5.3.RELEASE.jar;C:\Users\CLEUTON\.m2\repository\ch\qos\logback\logback-classic\1.1.11\logback-classic-1.1.11.jar;C:\Users\CLEUTON\.m2\repository\ch\qos\logback\logback-core\1.1.11\logback-core-1.1.11.jar;C:\Users\CLEUTON\.m2\repository\org\slf4j\jul-to-slf4j\1.7.25\jul-to-slf4j-1.7.25.jar;C:\Users\CLEUTON\.m2\repository\org\slf4j\log4j-over-slf4j\1.7.25\log4j-over-slf4j-1.7.25.jar;C:\Users\CLEUTON\.m2\repository\org\yaml\snakeyaml\1.17\snakeyaml-1.17.jar;C:\Users\CLEUTON\.m2\repository\org\springframework\boot\spring-boot-starter-tomcat\1.5.3.RELEASE\spring-boot-starter-tomcat-1.5.3.RELEASE.jar;C:\Users\CLEUTON\.m2\repository\org\apache\tomcat\embed\tomcat-embed-core\8.5.14\tomcat-embed-core-8.5.14.jar;C:\Users\CLEUTON\.m2\repository\org\apache\tomcat\embed\tomcat-embed-el\8.5.14\tomcat-embed-el-8.5.14.jar;C:\Users\CLEUTON\.m2\repository\org\apache\tomcat\embed\tomcat-embed-websocket\8.5.14\tomcat-embed-websocket-8.5.14.jar;C:\Users\CLEUTON\.m2\repository\org\hibernate\hibernate-validator\5.3.5.Final\hibernate-validator-5.3.5.Final.jar;C:\Users\CLEUTON\.m2\repository\javax\validation\validation-api\1.1.0.Final\validation-api-1.1.0.Final.jar;C:\Users\CLEUTON\.m2\repository\org\jboss\logging\jboss-logging\3.3.1.Final\jboss-logging-3.3.1.Final.jar;C:\Users\CLEUTON\.m2\repository\com\fasterxml\classmate\1.3.3\classmate-1.3.3.jar;C:\Users\CLEUTON\.m2\repository\com\fasterxml\jackson\core\jackson-databind\2.8.8\jackson-databind-2.8.8.jar;C:\Users\CLEUTON\.m2\repository\
Launcher Type: SUN_STANDARD

Environment Variables:
PATH=C:/Program Files/Java/jre1.8.0_144/bin/server;C:/Program Files/Java/jre1.8.0_144/bin;C:/Program Files/Java/jre1.8.0_144/lib/amd64;C:\ProgramData\Oracle\Java\javapath;C:\oraclexe\app\oracle\product\11.2.0\server\bin;C:\Program Files (x86)\NVIDIA Corporation\PhysX\Common;C:\WINDOWS\system32;C:\WINDOWS;C:\WINDOWS\System32\Wbem;C:\WINDOWS\System32\WindowsPowerShell\v1.0\;C:\Program Files\Git\cmd;C:\Program Files (x86)\Brackets\command;C:\Users\CLEUTON\AppData\Local\Microsoft\WindowsApps;C:\Program Files\Heroku\bin;C:\Users\CLEUTON\Desktop\sts-bundle\sts-3.8.4.RELEASE;
USERNAME=CLEUTON
OS=Windows_NT
PROCESSOR_IDENTIFIER=Intel64 Family 6 Model 69 Stepping 1, GenuineIntel



---------------  S Y S T E M  ---------------

OS: Windows 10.0 , 64 bit Build 15063 (10.0.15063.296)

CPU:total 4 (2 cores per cpu, 2 threads per core) family 6 model 69 stepping 1, cmov, cx8, fxsr, mmx, sse, sse2, sse3, ssse3, sse4.1, sse4.2, popcnt, avx, avx2, aes, clmul, erms, lzcnt, ht, tsc, tscinvbit, bmi1, bmi2

Memory: 4k page, physical 8269244k(1462808k free), swap 16019900k(6544692k free)

vm_info: Java HotSpot(TM) 64-Bit Server VM (25.112-b15) for windows-amd64 JRE (1.8.0_112-b15), built on Sep 22 2016 21:31:56 by "java_re" with MS VC++ 10.0 (VS2010)

time: Fri Sep 15 19:20:12 2017
elapsed time: 9608 seconds (0d 2h 40m 8s)

