#
# A fatal error has been detected by the Java Runtime Environment:
#
#  EXCEPTION_ILLEGAL_INSTRUCTION (0xc000001d) at pc=0x00000000674222d4, pid=1712, tid=0x000000000000131c
#
# JRE version: Java(TM) SE Runtime Environment (8.0_112-b15) (build 1.8.0_112-b15)
# Java VM: Java HotSpot(TM) 64-Bit Server VM (25.112-b15 mixed mode windows-amd64 compressed oops)
# Problematic frame:
# V  [jvm.dll+0x4822d4]
#
# Failed to write core dump. Minidumps are not enabled by default on client versions of Windows
#
# If you would like to submit a bug report, please visit:
#   http://bugreport.java.com/bugreport/crash.jsp
#

---------------  T H R E A D  ---------------

Current thread (0x0000000017d04800):  JavaThread "C2 CompilerThread0" daemon [_thread_in_native, id=4892, stack(0x0000000019360000,0x0000000019460000)]

siginfo: ExceptionCode=0xc000001d

Registers:
RAX=0x0000000017d32220, RBX=0x0000000000000000, RCX=0x000000001a49bd40, RDX=0x000000001945bb80
RSP=0x000000001945ba70, RBP=0x000000001a49bd40, RSI=0x000000001945bb80, RDI=0x0000000000000007
R8 =0x000000001945bb40, R9 =0x000000001a50ffc8, R10=0xffffffffe5a28ea0, R11=0x000000001945b8e0
R12=0x000000001945bb40, R13=0x000000001945c8f0, R14=0x000000001945ea20, R15=0x0000000000000000
RIP=0x00000000674222d4, EFLAGS=0x0000000000010246

Top of Stack: (sp=0x000000001945ba70)
0x000000001945ba70:   0000000000000000 000000001a49bd40
0x000000001945ba80:   000000001945ea20 000000001a43ded0
0x000000001945ba90:   000000001a49bd40 000000001945ea20
0x000000001945baa0:   000000001a43e4b8 0000000067428312
0x000000001945bab0:   000000001a4d1001 000000001945bbb0
0x000000001945bac0:   0000000000000001 0000000000000001
0x000000001945bad0:   000000001945bb60 0000000000000020
0x000000001945bae0:   000000800000004e 0000000000000000
0x000000001945baf0:   000000000000000f 000000001a63dc20
0x000000001945bb00:   000000100000000f 0000000000000000
0x000000001945bb10:   000000000000000f 000000001a63d020
0x000000001945bb20:   0000000400000001 0000000000000000
0x000000001945bb30:   000000000000000f 000000001a63d0b0
0x000000001945bb40:   0000000200000001 0000000000000000
0x000000001945bb50:   000000000000000f 000000001a63ad90
0x000000001945bb60:   0000000800000006 0000000000000000 

Instructions: (pc=0x00000000674222d4)
0x00000000674222b4:   86 40 01 00 00 33 db 48 63 38 48 85 ff 0f 8e 91
0x00000000674222c4:   00 00 00 66 0f 1f 84 00 00 00 00 00 21 db de 0a
0x00000000674222d4:   d9 4f 58 12 63 98 70 16 8b 1c d9 41 0f b6 43 2c
0x00000000674222e4:   24 7f 3c 47 75 62 41 83 7b 70 01 74 5b 49 8b 43 


Register to memory mapping:

RAX=0x0000000017d32220 is an unknown value
RBX=0x0000000000000000 is an unknown value
RCX=0x000000001a49bd40 is an unknown value
RDX=0x000000001945bb80 is pointing into the stack for thread: 0x0000000017d04800
RSP=0x000000001945ba70 is pointing into the stack for thread: 0x0000000017d04800
RBP=0x000000001a49bd40 is an unknown value
RSI=0x000000001945bb80 is pointing into the stack for thread: 0x0000000017d04800
RDI=0x0000000000000007 is an unknown value
R8 =0x000000001945bb40 is pointing into the stack for thread: 0x0000000017d04800
R9 =0x000000001a50ffc8 is an unknown value
R10=0xffffffffe5a28ea0 is an unknown value
R11=0x000000001945b8e0 is pointing into the stack for thread: 0x0000000017d04800
R12=0x000000001945bb40 is pointing into the stack for thread: 0x0000000017d04800
R13=0x000000001945c8f0 is pointing into the stack for thread: 0x0000000017d04800
R14=0x000000001945ea20 is pointing into the stack for thread: 0x0000000017d04800
R15=0x0000000000000000 is an unknown value


Stack: [0x0000000019360000,0x0000000019460000],  sp=0x000000001945ba70,  free space=1006k
Native frames: (J=compiled Java code, j=interpreted, Vv=VM code, C=native code)
V  [jvm.dll+0x4822d4]
V  [jvm.dll+0x488312]
V  [jvm.dll+0x488693]
V  [jvm.dll+0x474e36]
V  [jvm.dll+0x4764b3]
V  [jvm.dll+0x458ff2]
V  [jvm.dll+0xa5932]
V  [jvm.dll+0xa626f]
V  [jvm.dll+0x244b1f]
V  [jvm.dll+0x29c36a]
C  [msvcr100.dll+0x21d9f]
C  [msvcr100.dll+0x21e3b]
C  [KERNEL32.DLL+0x12774]
C  [ntdll.dll+0x70d51]


Current CompileTask:
C2:   3470  546 %     4       java.lang.String::toUpperCase @ 20 (439 bytes)


---------------  P R O C E S S  ---------------

Java Threads: ( => current thread )
  0x000000001a15d000 JavaThread "RMI TCP Accept-0" daemon [_thread_in_native, id=12848, stack(0x000000001a8a0000,0x000000001a9a0000)]
  0x000000001a17d800 JavaThread "RMI TCP Accept-62514" daemon [_thread_in_native, id=2964, stack(0x000000001a7a0000,0x000000001a8a0000)]
  0x000000001a176800 JavaThread "RMI TCP Accept-0" daemon [_thread_in_native, id=2088, stack(0x000000001a6a0000,0x000000001a7a0000)]
  0x000000001967a800 JavaThread "Service Thread" daemon [_thread_blocked, id=9684, stack(0x0000000019a60000,0x0000000019b60000)]
  0x0000000017d2f800 JavaThread "C1 CompilerThread2" daemon [_thread_in_native, id=11492, stack(0x0000000019560000,0x0000000019660000)]
  0x0000000017d0c000 JavaThread "C2 CompilerThread1" daemon [_thread_in_native, id=13020, stack(0x0000000019460000,0x0000000019560000)]
=>0x0000000017d04800 JavaThread "C2 CompilerThread0" daemon [_thread_in_native, id=4892, stack(0x0000000019360000,0x0000000019460000)]
  0x0000000017d03000 JavaThread "Attach Listener" daemon [_thread_blocked, id=14800, stack(0x0000000019260000,0x0000000019360000)]
  0x0000000017d02000 JavaThread "Signal Dispatcher" daemon [_thread_blocked, id=2020, stack(0x0000000019160000,0x0000000019260000)]
  0x0000000017cec000 JavaThread "Finalizer" daemon [_thread_blocked, id=10824, stack(0x0000000018f60000,0x0000000019060000)]
  0x0000000017cc8800 JavaThread "Reference Handler" daemon [_thread_blocked, id=11424, stack(0x0000000018e60000,0x0000000018f60000)]
  0x00000000030d6000 JavaThread "main" [_thread_in_Java, id=2668, stack(0x0000000002f50000,0x0000000003050000)]

Other Threads:
  0x0000000017cc7000 VMThread [stack: 0x0000000018d60000,0x0000000018e60000] [id=4444]
  0x000000001a15e800 WatcherThread [stack: 0x000000001aaf0000,0x000000001abf0000] [id=20360]

VM state:not at safepoint (normal execution)

VM Mutex/Monitor currently owned by a thread: None

Heap:
 PSYoungGen      total 38400K, used 22786K [0x00000000d5f00000, 0x00000000d8980000, 0x0000000100000000)
  eden space 33280K, 68% used [0x00000000d5f00000,0x00000000d7540928,0x00000000d7f80000)
  from space 5120K, 0% used [0x00000000d8480000,0x00000000d8480000,0x00000000d8980000)
  to   space 5120K, 0% used [0x00000000d7f80000,0x00000000d7f80000,0x00000000d8480000)
 ParOldGen       total 87552K, used 0K [0x0000000081c00000, 0x0000000087180000, 0x00000000d5f00000)
  object space 87552K, 0% used [0x0000000081c00000,0x0000000081c00000,0x0000000087180000)
 Metaspace       used 8950K, capacity 9134K, committed 9344K, reserved 1056768K
  class space    used 1098K, capacity 1149K, committed 1152K, reserved 1048576K

Card table byte_map: [0x0000000012590000,0x0000000012990000] byte_map_base: 0x0000000012182000

Marking Bits: (ParMarkBitMap*) 0x00000000677ba6d0
 Begin Bits: [0x0000000013040000, 0x0000000014fd0000)
 End Bits:   [0x0000000014fd0000, 0x0000000016f60000)

Polling page: 0x00000000017c0000

CodeCache: size=245760Kb used=2612Kb max_used=2612Kb free=243147Kb
 bounds [0x00000000031d0000, 0x0000000003460000, 0x00000000121d0000]
 total_blobs=946 nmethods=601 adapters=258
 compilation: enabled

Compilation events (10 events):
Event: 3.404 Thread 0x0000000017d2f800 nmethod 542 0x0000000003433310 code [0x0000000003433480, 0x00000000034337f0]
Event: 3.404 Thread 0x0000000017d2f800  543       3       java.lang.ref.ReferenceQueue$Lock::<init> (5 bytes)
Event: 3.404 Thread 0x0000000017d2f800 nmethod 543 0x0000000003432e90 code [0x0000000003433000, 0x0000000003433210]
Event: 3.407 Thread 0x0000000017d04800  546 %     4       java.lang.String::toUpperCase @ 20 (439 bytes)
Event: 3.407 Thread 0x0000000017d2f800  547 %     3       java.util.Properties$LineReader::readLine @ 21 (468 bytes)
Event: 3.410 Thread 0x0000000017d2f800 nmethod 547% 0x0000000003434c10 code [0x0000000003434ec0, 0x00000000034369e8]
Event: 3.410 Thread 0x0000000017d2f800  548       3       org.springframework.util.StringUtils::hasLength (5 bytes)
Event: 3.410 Thread 0x0000000017d2f800 nmethod 548 0x0000000003432590 code [0x0000000003432700, 0x00000000034329b0]
Event: 3.410 Thread 0x0000000017d2f800  549       3       org.springframework.util.StringUtils::hasLength (19 bytes)
Event: 3.410 Thread 0x0000000017d2f800 nmethod 549 0x00000000034320d0 code [0x0000000003432240, 0x00000000034324c8]

GC Heap History (0 events):
No events

Deoptimization events (1 events):
Event: 0.201 Thread 0x00000000030d6000 Uncommon trap: reason=unstable_if action=reinterpret pc=0x00000000032e4ce0 method=java.lang.String.hashCode()I @ 14

Internal exceptions (10 events):
Event: 0.259 Thread 0x00000000030d6000 Exception <a 'java/lang/ArrayIndexOutOfBoundsException'> (0x00000000d603fd88) thrown at [C:\re\workspace\8-2-build-windows-amd64-cygwin\jdk8u112\7884\hotspot\src\share\vm\runtime\sharedRuntime.cpp, line 605]
Event: 0.268 Thread 0x00000000030d6000 Exception <a 'java/lang/ArrayIndexOutOfBoundsException'> (0x00000000d610c630) thrown at [C:\re\workspace\8-2-build-windows-amd64-cygwin\jdk8u112\7884\hotspot\src\share\vm\runtime\sharedRuntime.cpp, line 605]
Event: 0.277 Thread 0x00000000030d6000 Exception <a 'java/lang/ArrayIndexOutOfBoundsException'> (0x00000000d611bff8) thrown at [C:\re\workspace\8-2-build-windows-amd64-cygwin\jdk8u112\7884\hotspot\src\share\vm\runtime\sharedRuntime.cpp, line 605]
Event: 0.312 Thread 0x00000000030d6000 Exception <a 'java/security/PrivilegedActionException'> (0x00000000d6169480) thrown at [C:\re\workspace\8-2-build-windows-amd64-cygwin\jdk8u112\7884\hotspot\src\share\vm\prims\jvm.cpp, line 1390]
Event: 0.312 Thread 0x00000000030d6000 Exception <a 'java/security/PrivilegedActionException'> (0x00000000d6169690) thrown at [C:\re\workspace\8-2-build-windows-amd64-cygwin\jdk8u112\7884\hotspot\src\share\vm\prims\jvm.cpp, line 1390]
Event: 0.313 Thread 0x00000000030d6000 Exception <a 'java/security/PrivilegedActionException'> (0x00000000d616d2d8) thrown at [C:\re\workspace\8-2-build-windows-amd64-cygwin\jdk8u112\7884\hotspot\src\share\vm\prims\jvm.cpp, line 1390]
Event: 0.313 Thread 0x00000000030d6000 Exception <a 'java/security/PrivilegedActionException'> (0x00000000d616d4e8) thrown at [C:\re\workspace\8-2-build-windows-amd64-cygwin\jdk8u112\7884\hotspot\src\share\vm\prims\jvm.cpp, line 1390]
Event: 3.162 Thread 0x00000000030d6000 Exception <a 'java/lang/ClassNotFoundException': javax/management/remote/rmi/RMIJRMPServerImpl$ExportedWrapper_Stub> (0x00000000d655c5c8) thrown at [C:\re\workspace\8-2-build-windows-amd64-cygwin\jdk8u112\7884\hotspot\src\share\vm\classfile\systemDictiona
Event: 3.223 Thread 0x00000000030d6000 Exception <a 'java/io/FileNotFoundException'> (0x00000000d66a6670) thrown at [C:\re\workspace\8-2-build-windows-amd64-cygwin\jdk8u112\7884\hotspot\src\share\vm\prims\jni.cpp, line 709]
Event: 3.296 Thread 0x00000000030d6000 Exception <a 'java/io/FileNotFoundException'> (0x00000000d6b0bb70) thrown at [C:\re\workspace\8-2-build-windows-amd64-cygwin\jdk8u112\7884\hotspot\src\share\vm\prims\jni.cpp, line 709]

Events (10 events):
Event: 3.402 loading class org/springframework/core/annotation/AnnotationConfigurationException
Event: 3.402 loading class org/springframework/core/annotation/AnnotationConfigurationException done
Event: 3.403 loading class org/springframework/core/annotation/AnnotationAttributeExtractor
Event: 3.403 loading class org/springframework/core/annotation/AnnotationAttributeExtractor done
Event: 3.404 loading class org/springframework/core/annotation/AnnotationUtils$AnnotationCacheKey
Event: 3.404 loading class org/springframework/core/annotation/AnnotationUtils$AnnotationCacheKey done
Event: 3.405 loading class org/springframework/util/ConcurrentReferenceHashMap$Restructure
Event: 3.405 loading class org/springframework/util/ConcurrentReferenceHashMap$Restructure done
Event: 3.405 loading class org/springframework/core/DecoratingProxy
Event: 3.405 loading class org/springframework/core/DecoratingProxy done


Dynamic libraries:
0x00007ff623b20000 - 0x00007ff623b57000 	C:\Program Files\Java\jre1.8.0_112\bin\javaw.exe
0x00007ff872240000 - 0x00007ff87241b000 	C:\WINDOWS\SYSTEM32\ntdll.dll
0x00007ff871530000 - 0x00007ff8715de000 	C:\WINDOWS\System32\KERNEL32.DLL
0x00007ff86ee60000 - 0x00007ff86f0a9000 	C:\WINDOWS\System32\KERNELBASE.dll
0x00007ff8712d0000 - 0x00007ff871371000 	C:\WINDOWS\System32\ADVAPI32.dll
0x00007ff8715f0000 - 0x00007ff87168d000 	C:\WINDOWS\System32\msvcrt.dll
0x00007ff86f910000 - 0x00007ff86f969000 	C:\WINDOWS\System32\sechost.dll
0x00007ff871ad0000 - 0x00007ff871bf5000 	C:\WINDOWS\System32\RPCRT4.dll
0x00007ff8720f0000 - 0x00007ff87223a000 	C:\WINDOWS\System32\USER32.dll
0x00007ff86f570000 - 0x00007ff86f58e000 	C:\WINDOWS\System32\win32u.dll
0x00007ff8712a0000 - 0x00007ff8712c7000 	C:\WINDOWS\System32\GDI32.dll
0x00007ff86f370000 - 0x00007ff86f4f8000 	C:\WINDOWS\System32\gdi32full.dll
0x00007ff86f0b0000 - 0x00007ff86f14a000 	C:\WINDOWS\System32\msvcp_win.dll
0x00007ff86f6a0000 - 0x00007ff86f796000 	C:\WINDOWS\System32\ucrtbase.dll
0x00007ff860300000 - 0x00007ff860567000 	C:\WINDOWS\WinSxS\amd64_microsoft.windows.common-controls_6595b64144ccf1df_6.0.15063.483_none_26002d27e7c744a2\COMCTL32.dll
0x00007ff871c80000 - 0x00007ff871f79000 	C:\WINDOWS\System32\combase.dll
0x00007ff86f500000 - 0x00007ff86f56a000 	C:\WINDOWS\System32\bcryptPrimitives.dll
0x00007ff871260000 - 0x00007ff87128d000 	C:\WINDOWS\System32\IMM32.DLL
0x000000006a1b0000 - 0x000000006a282000 	C:\Program Files\Java\jre1.8.0_112\bin\msvcr100.dll
0x0000000066fa0000 - 0x000000006783a000 	C:\Program Files\Java\jre1.8.0_112\bin\server\jvm.dll
0x00007ff86fd00000 - 0x00007ff86fd08000 	C:\WINDOWS\System32\PSAPI.DLL
0x00007ff862f30000 - 0x00007ff862f39000 	C:\WINDOWS\SYSTEM32\WSOCK32.dll
0x00007ff86fbf0000 - 0x00007ff86fc5c000 	C:\WINDOWS\System32\WS2_32.dll
0x00007ff866c20000 - 0x00007ff866c43000 	C:\WINDOWS\SYSTEM32\WINMM.dll
0x00007ff866650000 - 0x00007ff86665a000 	C:\WINDOWS\SYSTEM32\VERSION.dll
0x00007ff866aa0000 - 0x00007ff866acb000 	C:\WINDOWS\SYSTEM32\WINMMBASE.dll
0x00007ff86f320000 - 0x00007ff86f369000 	C:\WINDOWS\System32\cfgmgr32.dll
0x000000006a1a0000 - 0x000000006a1af000 	C:\Program Files\Java\jre1.8.0_112\bin\verify.dll
0x0000000067970000 - 0x0000000067999000 	C:\Program Files\Java\jre1.8.0_112\bin\java.dll
0x000000006a180000 - 0x000000006a196000 	C:\Program Files\Java\jre1.8.0_112\bin\zip.dll
0x00007ff86fd10000 - 0x00007ff871146000 	C:\WINDOWS\System32\SHELL32.dll
0x00007ff871f80000 - 0x00007ff87202a000 	C:\WINDOWS\System32\shcore.dll
0x00007ff86e760000 - 0x00007ff86ee53000 	C:\WINDOWS\System32\windows.storage.dll
0x00007ff871c20000 - 0x00007ff871c71000 	C:\WINDOWS\System32\shlwapi.dll
0x00007ff86e6b0000 - 0x00007ff86e6c1000 	C:\WINDOWS\System32\kernel.appcore.dll
0x00007ff86e710000 - 0x00007ff86e75c000 	C:\WINDOWS\System32\powrprof.dll
0x00007ff86e6d0000 - 0x00007ff86e6e5000 	C:\WINDOWS\System32\profapi.dll
0x0000000067960000 - 0x000000006796d000 	C:\Program Files\Java\jre1.8.0_112\bin\management.dll
0x0000000067940000 - 0x000000006795a000 	C:\Program Files\Java\jre1.8.0_112\bin\net.dll
0x00007ff86dfc0000 - 0x00007ff86e01c000 	C:\WINDOWS\system32\mswsock.dll
0x0000000067920000 - 0x0000000067931000 	C:\Program Files\Java\jre1.8.0_112\bin\nio.dll
0x00007ff862440000 - 0x00007ff862456000 	C:\WINDOWS\system32\napinsp.dll
0x00007ff862400000 - 0x00007ff86241a000 	C:\WINDOWS\system32\pnrpnsp.dll
0x00007ff86af90000 - 0x00007ff86afa8000 	C:\WINDOWS\system32\NLAapi.dll
0x00007ff86dda0000 - 0x00007ff86de44000 	C:\WINDOWS\SYSTEM32\DNSAPI.dll
0x00007ff8715e0000 - 0x00007ff8715e8000 	C:\WINDOWS\System32\NSI.dll
0x00007ff86dd60000 - 0x00007ff86dd97000 	C:\WINDOWS\SYSTEM32\IPHLPAPI.DLL
0x00007ff8623f0000 - 0x00007ff8623fe000 	C:\WINDOWS\System32\winrnr.dll
0x00007ff862380000 - 0x00007ff862395000 	C:\WINDOWS\System32\wshbth.dll
0x00007ff863a20000 - 0x00007ff863a2a000 	C:\Windows\System32\rasadhlp.dll
0x00007ff8683b0000 - 0x00007ff86841b000 	C:\WINDOWS\System32\fwpuclnt.dll
0x00007ff86e270000 - 0x00007ff86e295000 	C:\WINDOWS\SYSTEM32\bcrypt.dll
0x00007ff86e160000 - 0x00007ff86e177000 	C:\WINDOWS\SYSTEM32\CRYPTSP.dll
0x00007ff86dbe0000 - 0x00007ff86dc14000 	C:\WINDOWS\system32\rsaenh.dll
0x00007ff86e5e0000 - 0x00007ff86e609000 	C:\WINDOWS\SYSTEM32\USERENV.dll
0x00007ff86e180000 - 0x00007ff86e18b000 	C:\WINDOWS\SYSTEM32\CRYPTBASE.dll
0x00007ff869ad0000 - 0x00007ff869ae6000 	C:\WINDOWS\SYSTEM32\dhcpcsvc6.DLL
0x00007ff869d70000 - 0x00007ff869d8a000 	C:\WINDOWS\SYSTEM32\dhcpcsvc.DLL
0x00007ff8684c0000 - 0x00007ff868669000 	C:\WINDOWS\SYSTEM32\dbghelp.dll

VM Arguments:
jvm_args: -Dcom.sun.management.jmxremote -Dcom.sun.management.jmxremote.port=62514 -Dcom.sun.management.jmxremote.authenticate=false -Dcom.sun.management.jmxremote.ssl=false -Djava.rmi.server.hostname=localhost -Dspring.liveBeansView.mbeanDomain -Dspring.application.admin.enabled=true -Dfile.encoding=UTF-8 
java_command: com.example.SistemaDeLivraria.SistemaDeLivraria --spring.output.ansi.enabled=always
java_class_path (initial): C:\Users\CLEUTON\Documents\workspace-sts-3.8.4.RELEASE\SistemaDeLivraria\target\classes;C:\Users\CLEUTON\.m2\repository\org\springframework\boot\spring-boot-starter-web\1.5.3.RELEASE\spring-boot-starter-web-1.5.3.RELEASE.jar;C:\Users\CLEUTON\.m2\repository\org\springframework\boot\spring-boot-starter\1.5.3.RELEASE\spring-boot-starter-1.5.3.RELEASE.jar;C:\Users\CLEUTON\.m2\repository\org\springframework\boot\spring-boot-starter-logging\1.5.3.RELEASE\spring-boot-starter-logging-1.5.3.RELEASE.jar;C:\Users\CLEUTON\.m2\repository\ch\qos\logback\logback-classic\1.1.11\logback-classic-1.1.11.jar;C:\Users\CLEUTON\.m2\repository\ch\qos\logback\logback-core\1.1.11\logback-core-1.1.11.jar;C:\Users\CLEUTON\.m2\repository\org\slf4j\jul-to-slf4j\1.7.25\jul-to-slf4j-1.7.25.jar;C:\Users\CLEUTON\.m2\repository\org\slf4j\log4j-over-slf4j\1.7.25\log4j-over-slf4j-1.7.25.jar;C:\Users\CLEUTON\.m2\repository\org\yaml\snakeyaml\1.17\snakeyaml-1.17.jar;C:\Users\CLEUTON\.m2\repository\org\springframework\boot\spring-boot-starter-tomcat\1.5.3.RELEASE\spring-boot-starter-tomcat-1.5.3.RELEASE.jar;C:\Users\CLEUTON\.m2\repository\org\apache\tomcat\embed\tomcat-embed-core\8.5.14\tomcat-embed-core-8.5.14.jar;C:\Users\CLEUTON\.m2\repository\org\apache\tomcat\embed\tomcat-embed-el\8.5.14\tomcat-embed-el-8.5.14.jar;C:\Users\CLEUTON\.m2\repository\org\apache\tomcat\embed\tomcat-embed-websocket\8.5.14\tomcat-embed-websocket-8.5.14.jar;C:\Users\CLEUTON\.m2\repository\org\hibernate\hibernate-validator\5.3.5.Final\hibernate-validator-5.3.5.Final.jar;C:\Users\CLEUTON\.m2\repository\javax\validation\validation-api\1.1.0.Final\validation-api-1.1.0.Final.jar;C:\Users\CLEUTON\.m2\repository\org\jboss\logging\jboss-logging\3.3.1.Final\jboss-logging-3.3.1.Final.jar;C:\Users\CLEUTON\.m2\repository\com\fasterxml\classmate\1.3.3\classmate-1.3.3.jar;C:\Users\CLEUTON\.m2\repository\com\fasterxml\jackson\core\jackson-databind\2.8.8\jackson-databind-2.8.8.jar;C:\Users\CLEUTON\.m2\repository\
Launcher Type: SUN_STANDARD

Environment Variables:
PATH=C:/Program Files/Java/jre1.8.0_144/bin/server;C:/Program Files/Java/jre1.8.0_144/bin;C:/Program Files/Java/jre1.8.0_144/lib/amd64;C:\ProgramData\Oracle\Java\javapath;C:\oraclexe\app\oracle\product\11.2.0\server\bin;C:\Program Files (x86)\NVIDIA Corporation\PhysX\Common;C:\WINDOWS\system32;C:\WINDOWS;C:\WINDOWS\System32\Wbem;C:\WINDOWS\System32\WindowsPowerShell\v1.0\;C:\Program Files\Git\cmd;C:\Program Files (x86)\Brackets\command;C:\Users\CLEUTON\AppData\Local\Microsoft\WindowsApps;C:\Program Files\Heroku\bin;C:\Users\CLEUTON\Desktop\sts-bundle\sts-3.8.4.RELEASE;
USERNAME=CLEUTON
OS=Windows_NT
PROCESSOR_IDENTIFIER=Intel64 Family 6 Model 69 Stepping 1, GenuineIntel



---------------  S Y S T E M  ---------------

OS: Windows 10.0 , 64 bit Build 15063 (10.0.15063.296)

CPU:total 4 (2 cores per cpu, 2 threads per core) family 6 model 69 stepping 1, cmov, cx8, fxsr, mmx, sse, sse2, sse3, ssse3, sse4.1, sse4.2, popcnt, avx, avx2, aes, clmul, erms, lzcnt, ht, tsc, tscinvbit, bmi1, bmi2

Memory: 4k page, physical 8269244k(2328080k free), swap 16019900k(6776244k free)

vm_info: Java HotSpot(TM) 64-Bit Server VM (25.112-b15) for windows-amd64 JRE (1.8.0_112-b15), built on Sep 22 2016 21:31:56 by "java_re" with MS VC++ 10.0 (VS2010)

time: Fri Sep 15 20:08:03 2017
elapsed time: 3 seconds (0d 0h 0m 3s)

